# JRE version: Java(TM) SE Runtime Environment (8.0_65-b17) (build 1.8.0_65-b17)
# Java VM: Java HotSpot(TM) 64-Bit Server VM (25.65-b01 mixed mode windows-amd64 compressed oops)
Heap:
 PSYoungGen      total 37888K, used 36702K [0x000000076b000000, 0x000000076f980000, 0x00000007c0000000)
  eden space 37376K, 97% used [0x000000076b000000,0x000000076d3b7b88,0x000000076d480000)
  from space 512K, 25% used [0x000000076f900000,0x000000076f920000,0x000000076f980000)
  to   space 512K, 0% used [0x000000076f880000,0x000000076f880000,0x000000076f900000)
 ParOldGen       total 175104K, used 460K [0x00000006c1000000, 0x00000006cbb00000, 0x000000076b000000)
  object space 175104K, 0% used [0x00000006c1000000,0x00000006c10730c0,0x00000006cbb00000)
 Metaspace       used 2655K, capacity 4564K, committed 4864K, reserved 1056768K
  class space    used 288K, capacity 388K, committed 512K, reserved 1048576K
GC Heap History (10 events):
Event: 3.682 GC heap before
{Heap before GC invocations=54 (full 0):
 PSYoungGen      total 31744K, used 31328K [0x000000076b000000, 0x000000076f980000, 0x00000007c0000000)
  eden space 31232K, 100% used [0x000000076b000000,0x000000076ce80000,0x000000076ce80000)
  from space 512K, 18% used [0x000000076f880000,0x000000076f898000,0x000000076f900000)
  to   space 512K, 0% used [0x000000076f900000,0x000000076f900000,0x000000076f980000)
 ParOldGen       total 175104K, used 396K [0x00000006c1000000, 0x00000006cbb00000, 0x000000076b000000)
  object space 175104K, 0% used [0x00000006c1000000,0x00000006c10630a0,0x00000006cbb00000)
 Metaspace       used 2652K, capacity 4564K, committed 4864K, reserved 1056768K
  class space    used 288K, capacity 388K, committed 512K, reserved 1048576K
Event: 3.683 GC heap after
Heap after GC invocations=54 (full 0):
 PSYoungGen      total 31744K, used 96K [0x000000076b000000, 0x000000076f980000, 0x00000007c0000000)
  eden space 31232K, 0% used [0x000000076b000000,0x000000076b000000,0x000000076ce80000)
  from space 512K, 18% used [0x000000076f900000,0x000000076f918000,0x000000076f980000)
  to   space 512K, 0% used [0x000000076f880000,0x000000076f880000,0x000000076f900000)
 ParOldGen       total 175104K, used 396K [0x00000006c1000000, 0x00000006cbb00000, 0x000000076b000000)
  object space 175104K, 0% used [0x00000006c1000000,0x00000006c10630a0,0x00000006cbb00000)
 Metaspace       used 2652K, capacity 4564K, committed 4864K, reserved 1056768K
  class space    used 288K, capacity 388K, committed 512K, reserved 1048576K
}
Event: 3.711 GC heap before
{Heap before GC invocations=55 (full 0):
 PSYoungGen      total 31744K, used 31328K [0x000000076b000000, 0x000000076f980000, 0x00000007c0000000)
  eden space 31232K, 100% used [0x000000076b000000,0x000000076ce80000,0x000000076ce80000)
  from space 512K, 18% used [0x000000076f900000,0x000000076f918000,0x000000076f980000)
  to   space 512K, 0% used [0x000000076f880000,0x000000076f880000,0x000000076f900000)
 ParOldGen       total 175104K, used 396K [0x00000006c1000000, 0x00000006cbb00000, 0x000000076b000000)
  object space 175104K, 0% used [0x00000006c1000000,0x00000006c10630a0,0x00000006cbb00000)
 Metaspace       used 2654K, capacity 4564K, committed 4864K, reserved 1056768K
  class space    used 288K, capacity 388K, committed 512K, reserved 1048576K
Event: 3.712 GC heap after
Heap after GC invocations=55 (full 0):
 PSYoungGen      total 31744K, used 64K [0x000000076b000000, 0x000000076f980000, 0x00000007c0000000)
  eden space 31232K, 0% used [0x000000076b000000,0x000000076b000000,0x000000076ce80000)
  from space 512K, 12% used [0x000000076f880000,0x000000076f890000,0x000000076f900000)
  to   space 512K, 0% used [0x000000076f900000,0x000000076f900000,0x000000076f980000)
 ParOldGen       total 175104K, used 444K [0x00000006c1000000, 0x00000006cbb00000, 0x000000076b000000)
  object space 175104K, 0% used [0x00000006c1000000,0x00000006c106f0c0,0x00000006cbb00000)
 Metaspace       used 2654K, capacity 4564K, committed 4864K, reserved 1056768K
  class space    used 288K, capacity 388K, committed 512K, reserved 1048576K
}
Event: 3.744 GC heap before
{Heap before GC invocations=56 (full 0):
 PSYoungGen      total 31744K, used 31296K [0x000000076b000000, 0x000000076f980000, 0x00000007c0000000)
  eden space 31232K, 100% used [0x000000076b000000,0x000000076ce80000,0x000000076ce80000)
  from space 512K, 12% used [0x000000076f880000,0x000000076f890000,0x000000076f900000)
  to   space 512K, 0% used [0x000000076f900000,0x000000076f900000,0x000000076f980000)
 ParOldGen       total 175104K, used 444K [0x00000006c1000000, 0x00000006cbb00000, 0x000000076b000000)
  object space 175104K, 0% used [0x00000006c1000000,0x00000006c106f0c0,0x00000006cbb00000)
 Metaspace       used 2655K, capacity 4564K, committed 4864K, reserved 1056768K
  class space    used 288K, capacity 388K, committed 512K, reserved 1048576K
Event: 3.744 GC heap after
Heap after GC invocations=56 (full 0):
 PSYoungGen      total 31744K, used 64K [0x000000076b000000, 0x000000076f980000, 0x00000007c0000000)
  eden space 31232K, 0% used [0x000000076b000000,0x000000076b000000,0x000000076ce80000)
  from space 512K, 12% used [0x000000076f900000,0x000000076f910000,0x000000076f980000)
  to   space 512K, 0% used [0x000000076f880000,0x000000076f880000,0x000000076f900000)
 ParOldGen       total 175104K, used 452K [0x00000006c1000000, 0x00000006cbb00000, 0x000000076b000000)
  object space 175104K, 0% used [0x00000006c1000000,0x00000006c10710c0,0x00000006cbb00000)
 Metaspace       used 2655K, capacity 4564K, committed 4864K, reserved 1056768K
  class space    used 288K, capacity 388K, committed 512K, reserved 1048576K
}
Event: 3.772 GC heap before
{Heap before GC invocations=57 (full 0):
 PSYoungGen      total 31744K, used 31296K [0x000000076b000000, 0x000000076f980000, 0x00000007c0000000)
  eden space 31232K, 100% used [0x000000076b000000,0x000000076ce80000,0x000000076ce80000)
  from space 512K, 12% used [0x000000076f900000,0x000000076f910000,0x000000076f980000)
  to   space 512K, 0% used [0x000000076f880000,0x000000076f880000,0x000000076f900000)
 ParOldGen       total 175104K, used 452K [0x00000006c1000000, 0x00000006cbb00000, 0x000000076b000000)
  object space 175104K, 0% used [0x00000006c1000000,0x00000006c10710c0,0x00000006cbb00000)
 Metaspace       used 2655K, capacity 4564K, committed 4864K, reserved 1056768K
  class space    used 288K, capacity 388K, committed 512K, reserved 1048576K
Event: 3.772 GC heap after
Heap after GC invocations=57 (full 0):
 PSYoungGen      total 38400K, used 96K [0x000000076b000000, 0x000000076f980000, 0x00000007c0000000)
  eden space 37888K, 0% used [0x000000076b000000,0x000000076b000000,0x000000076d500000)
  from space 512K, 18% used [0x000000076f880000,0x000000076f898000,0x000000076f900000)
  to   space 512K, 0% used [0x000000076f900000,0x000000076f900000,0x000000076f980000)
 ParOldGen       total 175104K, used 460K [0x00000006c1000000, 0x00000006cbb00000, 0x000000076b000000)
  object space 175104K, 0% used [0x00000006c1000000,0x00000006c10730c0,0x00000006cbb00000)
 Metaspace       used 2655K, capacity 4564K, committed 4864K, reserved 1056768K
  class space    used 288K, capacity 388K, committed 512K, reserved 1048576K
}
Event: 3.803 GC heap before
{Heap before GC invocations=58 (full 0):
 PSYoungGen      total 38400K, used 37984K [0x000000076b000000, 0x000000076f980000, 0x00000007c0000000)
  eden space 37888K, 100% used [0x000000076b000000,0x000000076d500000,0x000000076d500000)
  from space 512K, 18% used [0x000000076f880000,0x000000076f898000,0x000000076f900000)
  to   space 512K, 0% used [0x000000076f900000,0x000000076f900000,0x000000076f980000)
 ParOldGen       total 175104K, used 460K [0x00000006c1000000, 0x00000006cbb00000, 0x000000076b000000)
  object space 175104K, 0% used [0x00000006c1000000,0x00000006c10730c0,0x00000006cbb00000)
 Metaspace       used 2655K, capacity 4564K, committed 4864K, reserved 1056768K
  class space    used 288K, capacity 388K, committed 512K, reserved 1048576K
Event: 3.804 GC heap after
Heap after GC invocations=58 (full 0):
 PSYoungGen      total 37888K, used 128K [0x000000076b000000, 0x000000076f980000, 0x00000007c0000000)
  eden space 37376K, 0% used [0x000000076b000000,0x000000076b000000,0x000000076d480000)
  from space 512K, 25% used [0x000000076f900000,0x000000076f920000,0x000000076f980000)
  to   space 512K, 0% used [0x000000076f880000,0x000000076f880000,0x000000076f900000)
 ParOldGen       total 175104K, used 460K [0x00000006c1000000, 0x00000006cbb00000, 0x000000076b000000)
  object space 175104K, 0% used [0x00000006c1000000,0x00000006c10730c0,0x00000006cbb00000)
 Metaspace       used 2655K, capacity 4564K, committed 4864K, reserved 1056768K
  class space    used 288K, capacity 388K, committed 512K, reserved 1048576K
}

