# JRE version: Java(TM) SE Runtime Environment (8.0_65-b17) (build 1.8.0_65-b17)
# Java VM: Java HotSpot(TM) 64-Bit Server VM (25.65-b01 mixed mode windows-amd64 compressed oops)
Heap:
 PSYoungGen      total 31744K, used 3184K [0x000000076b000000, 0x000000076f980000, 0x00000007c0000000)
  eden space 31232K, 9% used [0x000000076b000000,0x000000076b30c1c0,0x000000076ce80000)
  from space 512K, 12% used [0x000000076f880000,0x000000076f890000,0x000000076f900000)
  to   space 512K, 0% used [0x000000076f900000,0x000000076f900000,0x000000076f980000)
 ParOldGen       total 175104K, used 480K [0x00000006c1000000, 0x00000006cbb00000, 0x000000076b000000)
  object space 175104K, 0% used [0x00000006c1000000,0x00000006c10780b0,0x00000006cbb00000)
 Metaspace       used 2655K, capacity 4564K, committed 4864K, reserved 1056768K
  class space    used 288K, capacity 388K, committed 512K, reserved 1048576K
GC Heap History (10 events):
Event: 3.269 GC heap before
{Heap before GC invocations=54 (full 0):
 PSYoungGen      total 31744K, used 31328K [0x000000076b000000, 0x000000076f980000, 0x00000007c0000000)
  eden space 31232K, 100% used [0x000000076b000000,0x000000076ce80000,0x000000076ce80000)
  from space 512K, 18% used [0x000000076f880000,0x000000076f898000,0x000000076f900000)
  to   space 512K, 0% used [0x000000076f900000,0x000000076f900000,0x000000076f980000)
 ParOldGen       total 175104K, used 416K [0x00000006c1000000, 0x00000006cbb00000, 0x000000076b000000)
  object space 175104K, 0% used [0x00000006c1000000,0x00000006c1068090,0x00000006cbb00000)
 Metaspace       used 2652K, capacity 4564K, committed 4864K, reserved 1056768K
  class space    used 288K, capacity 388K, committed 512K, reserved 1048576K
Event: 3.269 GC heap after
Heap after GC invocations=54 (full 0):
 PSYoungGen      total 31744K, used 96K [0x000000076b000000, 0x000000076f980000, 0x00000007c0000000)
  eden space 31232K, 0% used [0x000000076b000000,0x000000076b000000,0x000000076ce80000)
  from space 512K, 18% used [0x000000076f900000,0x000000076f918000,0x000000076f980000)
  to   space 512K, 0% used [0x000000076f880000,0x000000076f880000,0x000000076f900000)
 ParOldGen       total 175104K, used 416K [0x00000006c1000000, 0x00000006cbb00000, 0x000000076b000000)
  object space 175104K, 0% used [0x00000006c1000000,0x00000006c1068090,0x00000006cbb00000)
 Metaspace       used 2652K, capacity 4564K, committed 4864K, reserved 1056768K
  class space    used 288K, capacity 388K, committed 512K, reserved 1048576K
}
Event: 3.299 GC heap before
{Heap before GC invocations=55 (full 0):
 PSYoungGen      total 31744K, used 31328K [0x000000076b000000, 0x000000076f980000, 0x00000007c0000000)
  eden space 31232K, 100% used [0x000000076b000000,0x000000076ce80000,0x000000076ce80000)
  from space 512K, 18% used [0x000000076f900000,0x000000076f918000,0x000000076f980000)
  to   space 512K, 0% used [0x000000076f880000,0x000000076f880000,0x000000076f900000)
 ParOldGen       total 175104K, used 416K [0x00000006c1000000, 0x00000006cbb00000, 0x000000076b000000)
  object space 175104K, 0% used [0x00000006c1000000,0x00000006c1068090,0x00000006cbb00000)
 Metaspace       used 2654K, capacity 4564K, committed 4864K, reserved 1056768K
  class space    used 288K, capacity 388K, committed 512K, reserved 1048576K
Event: 3.299 GC heap after
Heap after GC invocations=55 (full 0):
 PSYoungGen      total 31744K, used 128K [0x000000076b000000, 0x000000076f980000, 0x00000007c0000000)
  eden space 31232K, 0% used [0x000000076b000000,0x000000076b000000,0x000000076ce80000)
  from space 512K, 25% used [0x000000076f880000,0x000000076f8a0000,0x000000076f900000)
  to   space 512K, 0% used [0x000000076f900000,0x000000076f900000,0x000000076f980000)
 ParOldGen       total 175104K, used 464K [0x00000006c1000000, 0x00000006cbb00000, 0x000000076b000000)
  object space 175104K, 0% used [0x00000006c1000000,0x00000006c10740b0,0x00000006cbb00000)
 Metaspace       used 2654K, capacity 4564K, committed 4864K, reserved 1056768K
  class space    used 288K, capacity 388K, committed 512K, reserved 1048576K
}
Event: 3.332 GC heap before
{Heap before GC invocations=56 (full 0):
 PSYoungGen      total 31744K, used 31360K [0x000000076b000000, 0x000000076f980000, 0x00000007c0000000)
  eden space 31232K, 100% used [0x000000076b000000,0x000000076ce80000,0x000000076ce80000)
  from space 512K, 25% used [0x000000076f880000,0x000000076f8a0000,0x000000076f900000)
  to   space 512K, 0% used [0x000000076f900000,0x000000076f900000,0x000000076f980000)
 ParOldGen       total 175104K, used 464K [0x00000006c1000000, 0x00000006cbb00000, 0x000000076b000000)
  object space 175104K, 0% used [0x00000006c1000000,0x00000006c10740b0,0x00000006cbb00000)
 Metaspace       used 2655K, capacity 4564K, committed 4864K, reserved 1056768K
  class space    used 288K, capacity 388K, committed 512K, reserved 1048576K
Event: 3.332 GC heap after
Heap after GC invocations=56 (full 0):
 PSYoungGen      total 31744K, used 96K [0x000000076b000000, 0x000000076f980000, 0x00000007c0000000)
  eden space 31232K, 0% used [0x000000076b000000,0x000000076b000000,0x000000076ce80000)
  from space 512K, 18% used [0x000000076f900000,0x000000076f918000,0x000000076f980000)
  to   space 512K, 0% used [0x000000076f880000,0x000000076f880000,0x000000076f900000)
 ParOldGen       total 175104K, used 472K [0x00000006c1000000, 0x00000006cbb00000, 0x000000076b000000)
  object space 175104K, 0% used [0x00000006c1000000,0x00000006c10760b0,0x00000006cbb00000)
 Metaspace       used 2655K, capacity 4564K, committed 4864K, reserved 1056768K
  class space    used 288K, capacity 388K, committed 512K, reserved 1048576K
}
Event: 3.359 GC heap before
{Heap before GC invocations=57 (full 0):
 PSYoungGen      total 31744K, used 31328K [0x000000076b000000, 0x000000076f980000, 0x00000007c0000000)
  eden space 31232K, 100% used [0x000000076b000000,0x000000076ce80000,0x000000076ce80000)
  from space 512K, 18% used [0x000000076f900000,0x000000076f918000,0x000000076f980000)
  to   space 512K, 0% used [0x000000076f880000,0x000000076f880000,0x000000076f900000)
 ParOldGen       total 175104K, used 472K [0x00000006c1000000, 0x00000006cbb00000, 0x000000076b000000)
  object space 175104K, 0% used [0x00000006c1000000,0x00000006c10760b0,0x00000006cbb00000)
 Metaspace       used 2655K, capacity 4564K, committed 4864K, reserved 1056768K
  class space    used 288K, capacity 388K, committed 512K, reserved 1048576K
Event: 3.359 GC heap after
Heap after GC invocations=57 (full 0):
 PSYoungGen      total 31744K, used 96K [0x000000076b000000, 0x000000076f980000, 0x00000007c0000000)
  eden space 31232K, 0% used [0x000000076b000000,0x000000076b000000,0x000000076ce80000)
  from space 512K, 18% used [0x000000076f880000,0x000000076f898000,0x000000076f900000)
  to   space 512K, 0% used [0x000000076f900000,0x000000076f900000,0x000000076f980000)
 ParOldGen       total 175104K, used 480K [0x00000006c1000000, 0x00000006cbb00000, 0x000000076b000000)
  object space 175104K, 0% used [0x00000006c1000000,0x00000006c10780b0,0x00000006cbb00000)
 Metaspace       used 2655K, capacity 4564K, committed 4864K, reserved 1056768K
  class space    used 288K, capacity 388K, committed 512K, reserved 1048576K
}
Event: 3.386 GC heap before
{Heap before GC invocations=58 (full 0):
 PSYoungGen      total 31744K, used 31328K [0x000000076b000000, 0x000000076f980000, 0x00000007c0000000)
  eden space 31232K, 100% used [0x000000076b000000,0x000000076ce80000,0x000000076ce80000)
  from space 512K, 18% used [0x000000076f880000,0x000000076f898000,0x000000076f900000)
  to   space 512K, 0% used [0x000000076f900000,0x000000076f900000,0x000000076f980000)
 ParOldGen       total 175104K, used 480K [0x00000006c1000000, 0x00000006cbb00000, 0x000000076b000000)
  object space 175104K, 0% used [0x00000006c1000000,0x00000006c10780b0,0x00000006cbb00000)
 Metaspace       used 2655K, capacity 4564K, committed 4864K, reserved 1056768K
  class space    used 288K, capacity 388K, committed 512K, reserved 1048576K
Event: 3.387 GC heap after
Heap after GC invocations=58 (full 0):
 PSYoungGen      total 31744K, used 128K [0x000000076b000000, 0x000000076f980000, 0x00000007c0000000)
  eden space 31232K, 0% used [0x000000076b000000,0x000000076b000000,0x000000076ce80000)
  from space 512K, 25% used [0x000000076f900000,0x000000076f920000,0x000000076f980000)
  to   space 512K, 0% used [0x000000076f880000,0x000000076f880000,0x000000076f900000)
 ParOldGen       total 175104K, used 480K [0x00000006c1000000, 0x00000006cbb00000, 0x000000076b000000)
  object space 175104K, 0% used [0x00000006c1000000,0x00000006c10780b0,0x00000006cbb00000)
 Metaspace       used 2655K, capacity 4564K, committed 4864K, reserved 1056768K
  class space    used 288K, capacity 388K, committed 512K, reserved 1048576K
}

